0 info it worked if it ends with ok
1 verbose cli [ '/usr/local/bin/node',
1 verbose cli   '/usr/local/bin/npm',
1 verbose cli   'install',
1 verbose cli   'drag-drop',
1 verbose cli   '--save-dev' ]
2 info using npm@3.10.8
3 info using node@v6.9.1
4 silly loadCurrentTree Starting
5 silly install loadCurrentTree
6 silly install readLocalPackageData
7 silly fetchPackageMetaData drag-drop
8 silly fetchNamedPackageData drag-drop
9 silly mapToRegistry name drag-drop
10 silly mapToRegistry using default registry
11 silly mapToRegistry registry https://registry.npmjs.org/
12 silly mapToRegistry data Result {
12 silly mapToRegistry   raw: 'drag-drop',
12 silly mapToRegistry   scope: null,
12 silly mapToRegistry   escapedName: 'drag-drop',
12 silly mapToRegistry   name: 'drag-drop',
12 silly mapToRegistry   rawSpec: '',
12 silly mapToRegistry   spec: 'latest',
12 silly mapToRegistry   type: 'tag' }
13 silly mapToRegistry uri https://registry.npmjs.org/drag-drop
14 verbose request uri https://registry.npmjs.org/drag-drop
15 verbose request no auth needed
16 info attempt registry request try #1 at 5:21:04 PM
17 verbose request id fa4d4424be1135c3
18 verbose etag W/"591ac330-d57a"
19 verbose lastModified Tue, 16 May 2017 09:15:28 GMT
20 http request GET https://registry.npmjs.org/drag-drop
21 http 304 https://registry.npmjs.org/drag-drop
22 verbose headers { date: 'Wed, 28 Jun 2017 07:21:04 GMT',
22 verbose headers   via: '1.1 varnish',
22 verbose headers   'cache-control': 'max-age=300',
22 verbose headers   etag: 'W/"591ac330-d57a"',
22 verbose headers   age: '0',
22 verbose headers   connection: 'keep-alive',
22 verbose headers   'x-served-by': 'cache-syd1624-SYD',
22 verbose headers   'x-cache': 'MISS',
22 verbose headers   'x-cache-hits': '0',
22 verbose headers   'x-timer': 'S1498634465.862342,VS0,VE13',
22 verbose headers   vary: 'Accept-Encoding' }
23 silly get cb [ 304,
23 silly get   { date: 'Wed, 28 Jun 2017 07:21:04 GMT',
23 silly get     via: '1.1 varnish',
23 silly get     'cache-control': 'max-age=300',
23 silly get     etag: 'W/"591ac330-d57a"',
23 silly get     age: '0',
23 silly get     connection: 'keep-alive',
23 silly get     'x-served-by': 'cache-syd1624-SYD',
23 silly get     'x-cache': 'MISS',
23 silly get     'x-cache-hits': '0',
23 silly get     'x-timer': 'S1498634465.862342,VS0,VE13',
23 silly get     vary: 'Accept-Encoding' } ]
24 verbose etag https://registry.npmjs.org/drag-drop from cache
25 verbose get saving drag-drop to /Users/Luka/.npm/registry.npmjs.org/drag-drop/.cache.json
26 verbose correctMkdir /Users/Luka/.npm correctMkdir not in flight; initializing
27 silly install normalizeTree
28 silly loadCurrentTree Finishing
29 silly loadIdealTree Starting
30 silly install loadIdealTree
31 silly cloneCurrentTree Starting
32 silly install cloneCurrentTreeToIdealTree
33 silly cloneCurrentTree Finishing
34 silly loadShrinkwrap Starting
35 silly install loadShrinkwrap
36 silly loadShrinkwrap Finishing
37 silly loadAllDepsIntoIdealTree Starting
38 silly install loadAllDepsIntoIdealTree
39 silly resolveWithNewModule drag-drop@2.13.2 checking installable status
40 silly cache add args [ 'drag-drop', null ]
41 verbose cache add spec drag-drop
42 silly cache add parsed spec Result {
42 silly cache add   raw: 'drag-drop',
42 silly cache add   scope: null,
42 silly cache add   escapedName: 'drag-drop',
42 silly cache add   name: 'drag-drop',
42 silly cache add   rawSpec: '',
42 silly cache add   spec: 'latest',
42 silly cache add   type: 'tag' }
43 silly addNamed drag-drop@latest
44 verbose addNamed "latest" is being treated as a dist-tag for drag-drop
45 info addNameTag [ 'drag-drop', 'latest' ]
46 silly mapToRegistry name drag-drop
47 silly mapToRegistry using default registry
48 silly mapToRegistry registry https://registry.npmjs.org/
49 silly mapToRegistry data Result {
49 silly mapToRegistry   raw: 'drag-drop',
49 silly mapToRegistry   scope: null,
49 silly mapToRegistry   escapedName: 'drag-drop',
49 silly mapToRegistry   name: 'drag-drop',
49 silly mapToRegistry   rawSpec: '',
49 silly mapToRegistry   spec: 'latest',
49 silly mapToRegistry   type: 'tag' }
50 silly mapToRegistry uri https://registry.npmjs.org/drag-drop
51 verbose addNameTag registry:https://registry.npmjs.org/drag-drop not in flight; fetching
52 verbose get https://registry.npmjs.org/drag-drop not expired, no request
53 silly addNameTag next cb for drag-drop with tag latest
54 silly addNamed drag-drop@2.13.2
55 verbose addNamed "2.13.2" is a plain semver version for drag-drop
56 silly cache afterAdd drag-drop@2.13.2
57 verbose afterAdd /Users/Luka/.npm/drag-drop/2.13.2/package/package.json not in flight; writing
58 verbose correctMkdir /Users/Luka/.npm correctMkdir not in flight; initializing
59 verbose afterAdd /Users/Luka/.npm/drag-drop/2.13.2/package/package.json written
60 silly fetchNamedPackageData @types/node
61 silly mapToRegistry name @types/node
62 silly mapToRegistry scope (from package name) @types
63 verbose mapToRegistry no registry URL found in name for scope @types
64 silly mapToRegistry using default registry
65 silly mapToRegistry registry https://registry.npmjs.org/
66 silly mapToRegistry data Result {
66 silly mapToRegistry   raw: '@types/node',
66 silly mapToRegistry   scope: '@types',
66 silly mapToRegistry   escapedName: '@types%2fnode',
66 silly mapToRegistry   name: '@types/node',
66 silly mapToRegistry   rawSpec: '',
66 silly mapToRegistry   spec: 'latest',
66 silly mapToRegistry   type: 'tag' }
67 silly mapToRegistry uri https://registry.npmjs.org/@types%2fnode
68 verbose request uri https://registry.npmjs.org/@types%2fnode
69 verbose request no auth needed
70 info attempt registry request try #1 at 5:21:05 PM
71 verbose etag W/"5952639b-20201"
72 verbose lastModified Tue, 27 Jun 2017 13:54:35 GMT
73 http request GET https://registry.npmjs.org/@types%2fnode
74 http 304 https://registry.npmjs.org/@types%2fnode
75 verbose headers { date: 'Wed, 28 Jun 2017 07:21:05 GMT',
75 verbose headers   via: '1.1 varnish',
75 verbose headers   'cache-control': 'max-age=0',
75 verbose headers   etag: 'W/"5952639b-20201"',
75 verbose headers   age: '0',
75 verbose headers   connection: 'keep-alive',
75 verbose headers   'x-served-by': 'cache-syd1624-SYD',
75 verbose headers   'x-cache': 'MISS',
75 verbose headers   'x-cache-hits': '0',
75 verbose headers   'x-timer': 'S1498634466.645882,VS0,VE870',
75 verbose headers   vary: 'Accept-Encoding' }
76 silly get cb [ 304,
76 silly get   { date: 'Wed, 28 Jun 2017 07:21:05 GMT',
76 silly get     via: '1.1 varnish',
76 silly get     'cache-control': 'max-age=0',
76 silly get     etag: 'W/"5952639b-20201"',
76 silly get     age: '0',
76 silly get     connection: 'keep-alive',
76 silly get     'x-served-by': 'cache-syd1624-SYD',
76 silly get     'x-cache': 'MISS',
76 silly get     'x-cache-hits': '0',
76 silly get     'x-timer': 'S1498634466.645882,VS0,VE870',
76 silly get     vary: 'Accept-Encoding' } ]
77 verbose etag https://registry.npmjs.org/@types%2fnode from cache
78 verbose get saving @types/node to /Users/Luka/.npm/registry.npmjs.org/_40types_252fnode/.cache.json
79 verbose correctMkdir /Users/Luka/.npm correctMkdir not in flight; initializing
80 silly resolveWithNewModule @types/node@7.0.32 checking installable status
81 silly cache add args [ '@types/node@^7.0.18', null ]
82 verbose cache add spec @types/node@^7.0.18
83 silly cache add parsed spec Result {
83 silly cache add   raw: '@types/node@^7.0.18',
83 silly cache add   scope: '@types',
83 silly cache add   escapedName: '@types%2fnode',
83 silly cache add   name: '@types/node',
83 silly cache add   rawSpec: '^7.0.18',
83 silly cache add   spec: '>=7.0.18 <8.0.0',
83 silly cache add   type: 'range' }
84 silly addNamed @types/node@>=7.0.18 <8.0.0
85 verbose addNamed ">=7.0.18 <8.0.0" is a valid semver range for @types/node
86 silly addNameRange { name: '@types/node', range: '>=7.0.18 <8.0.0', hasData: false }
87 silly mapToRegistry name @types/node
88 silly mapToRegistry scope (from package name) @types
89 verbose mapToRegistry no registry URL found in name for scope @types
90 silly mapToRegistry using default registry
91 silly mapToRegistry registry https://registry.npmjs.org/
92 silly mapToRegistry data Result {
92 silly mapToRegistry   raw: '@types/node',
92 silly mapToRegistry   scope: '@types',
92 silly mapToRegistry   escapedName: '@types%2fnode',
92 silly mapToRegistry   name: '@types/node',
92 silly mapToRegistry   rawSpec: '',
92 silly mapToRegistry   spec: 'latest',
92 silly mapToRegistry   type: 'tag' }
93 silly mapToRegistry uri https://registry.npmjs.org/@types%2fnode
94 verbose addNameRange registry:https://registry.npmjs.org/@types%2fnode not in flight; fetching
95 verbose get https://registry.npmjs.org/@types%2fnode not expired, no request
96 silly addNameRange number 2 { name: '@types/node', range: '>=7.0.18 <8.0.0', hasData: true }
97 silly addNameRange versions [ '@types/node',
97 silly addNameRange   [ '4.0.15-alpha',
97 silly addNameRange     '4.0.16-alpha',
97 silly addNameRange     '4.0.21-alpha',
97 silly addNameRange     '4.0.22-alpha',
97 silly addNameRange     '4.0.23-alpha',
97 silly addNameRange     '4.0.24-alpha',
97 silly addNameRange     '4.0.25-alpha',
97 silly addNameRange     '4.0.26-alpha',
97 silly addNameRange     '4.0.27-alpha',
97 silly addNameRange     '4.0.28-alpha',
97 silly addNameRange     '4.0.29',
97 silly addNameRange     '4.0.30',
97 silly addNameRange     '6.0.31',
97 silly addNameRange     '6.0.32',
97 silly addNameRange     '6.0.33',
97 silly addNameRange     '6.0.34',
97 silly addNameRange     '6.0.35',
97 silly addNameRange     '6.0.36',
97 silly addNameRange     '6.0.37',
97 silly addNameRange     '6.0.38',
97 silly addNameRange     '6.0.39',
97 silly addNameRange     '6.0.40',
97 silly addNameRange     '6.0.41',
97 silly addNameRange     '6.0.42',
97 silly addNameRange     '6.0.43',
97 silly addNameRange     '6.0.44',
97 silly addNameRange     '6.0.45',
97 silly addNameRange     '6.0.46',
97 silly addNameRange     '6.0.47',
97 silly addNameRange     '6.0.48',
97 silly addNameRange     '6.0.49',
97 silly addNameRange     '6.0.50',
97 silly addNameRange     '6.0.51',
97 silly addNameRange     '0.0.0',
97 silly addNameRange     '0.0.1',
97 silly addNameRange     '0.0.2',
97 silly addNameRange     '0.0.3',
97 silly addNameRange     '6.0.52',
97 silly addNameRange     '6.0.53',
97 silly addNameRange     '6.0.54',
97 silly addNameRange     '6.0.55',
97 silly addNameRange     '6.0.56',
97 silly addNameRange     '6.0.57',
97 silly addNameRange     '6.0.58',
97 silly addNameRange     '6.0.59',
97 silly addNameRange     '4.2.0',
97 silly addNameRange     '0.12.0',
97 silly addNameRange     '7.0.0',
97 silly addNameRange     '6.0.60',
97 silly addNameRange     '7.0.1',
97 silly addNameRange     '6.0.61',
97 silly addNameRange     '7.0.2',
97 silly addNameRange     '7.0.3',
97 silly addNameRange     '7.0.4',
97 silly addNameRange     '4.2.1',
97 silly addNameRange     '6.0.62',
97 silly addNameRange     '7.0.5',
97 silly addNameRange     '6.0.63',
97 silly addNameRange     '4.2.2',
97 silly addNameRange     '0.12.1',
97 silly addNameRange     '4.2.3',
97 silly addNameRange     '6.0.64',
97 silly addNameRange     '7.0.6',
97 silly addNameRange     '6.0.65',
97 silly addNameRange     '7.0.7',
97 silly addNameRange     '7.0.8',
97 silly addNameRange     '4.2.4',
97 silly addNameRange     '0.12.2',
97 silly addNameRange     '6.0.66',
97 silly addNameRange     '7.0.9',
97 silly addNameRange     '7.0.10',
97 silly addNameRange     '7.0.11',
97 silly addNameRange     '6.0.67',
97 silly addNameRange     '6.0.68',
97 silly addNameRange     '7.0.12',
97 silly addNameRange     '4.2.5',
97 silly addNameRange     '0.12.3',
97 silly addNameRange     '6.0.69',
97 silly addNameRange     '0.12.4',
97 silly addNameRange     '4.2.6',
97 silly addNameRange     '6.0.70',
97 silly addNameRange     '7.0.13',
97 silly addNameRange     '7.0.14',
97 silly addNameRange     '6.0.71',
97 silly addNameRange     '7.0.15',
97 silly addNameRange     '4.2.7',
97 silly addNameRange     '6.0.72',
97 silly addNameRange     '7.0.16',
97 silly addNameRange     '7.0.17',
97 silly addNameRange     '7.0.18',
97 silly addNameRange     '4.2.8',
97 silly addNameRange     '6.0.73',
97 silly addNameRange     '7.0.19',
97 silly addNameRange     '7.0.20',
97 silly addNameRange     '7.0.21',
97 silly addNameRange     '7.0.22',
97 silly addNameRange     '6.0.74',
97 silly addNameRange     '7.0.23',
97 silly addNameRange     '7.0.24',
97 silly addNameRange     '6.0.75',
97 silly addNameRange     ... 21 more items ] ]
98 silly addNamed @types/node@7.0.32
99 verbose addNamed "7.0.32" is a plain semver version for @types/node
100 silly rollbackFailedOptional Starting
101 silly rollbackFailedOptional Finishing
102 silly runTopLevelLifecycles Finishing
103 silly install printInstalled
104 verbose stack Error: Invalid name: "@types/node"
104 verbose stack     at ensureValidName (/usr/local/lib/node_modules/npm/node_modules/read-package-json/node_modules/normalize-package-data/lib/fixer.js:300:15)
104 verbose stack     at Object.fixNameField (/usr/local/lib/node_modules/npm/node_modules/read-package-json/node_modules/normalize-package-data/lib/fixer.js:204:5)
104 verbose stack     at /usr/local/lib/node_modules/npm/node_modules/read-package-json/node_modules/normalize-package-data/lib/normalize.js:30:38
104 verbose stack     at Array.forEach (native)
104 verbose stack     at normalize (/usr/local/lib/node_modules/npm/node_modules/read-package-json/node_modules/normalize-package-data/lib/normalize.js:29:15)
104 verbose stack     at final (/usr/local/lib/node_modules/npm/node_modules/read-package-json/read-json.js:349:5)
104 verbose stack     at then (/usr/local/lib/node_modules/npm/node_modules/read-package-json/read-json.js:124:5)
104 verbose stack     at ReadFileContext.<anonymous> (/usr/local/lib/node_modules/npm/node_modules/read-package-json/read-json.js:295:20)
104 verbose stack     at ReadFileContext.callback (/usr/local/lib/node_modules/npm/node_modules/graceful-fs/graceful-fs.js:78:16)
104 verbose stack     at FSReqWrap.readFileAfterOpen [as oncomplete] (fs.js:365:13)
105 verbose cwd /Users/Luka/ElectronApps/BitStream
106 error Darwin 16.6.0
107 error argv "/usr/local/bin/node" "/usr/local/bin/npm" "install" "drag-drop" "--save-dev"
108 error node v6.9.1
109 error npm  v3.10.8
110 error Invalid name: "@types/node"
111 error If you need help, you may report this error at:
111 error     <https://github.com/npm/npm/issues>
112 verbose exit [ 1, true ]
